<?xml version="1.0" encoding="UTF-8"?>
<testng-results ignored="0" total="5" passed="5" failed="0" skipped="0">
  <reporter-output>
  </reporter-output>
  <suite started-at="2024-10-10T16:46:00Z" name="Surefire suite" finished-at="2024-10-10T16:46:47Z" duration-ms="46499">
    <groups>
      <group name="cucumber">
        <method signature="AbstractTestNGCucumberTests.runScenario(io.cucumber.testng.PickleWrapper, io.cucumber.testng.FeatureWrapper)[pri:0, instance:TestRunner.OdyRunner@1a677343]" name="runScenario" class="io.cucumber.testng.AbstractTestNGCucumberTests"/>
      </group> <!-- cucumber -->
    </groups>
    <test started-at="2024-10-10T16:46:00Z" name="Surefire test" finished-at="2024-10-10T16:46:47Z" duration-ms="46499">
      <class name="TestRunner.OdyRunner">
        <test-method is-config="true" signature="setUpClass(org.testng.ITestContext)[pri:0, instance:TestRunner.OdyRunner@1a677343]" started-at="2024-10-10T16:46:00Z" name="setUpClass" finished-at="2024-10-10T16:46:01Z" duration-ms="662" status="PASS">
          <params>
            <param index="0">
              <value>
                <![CDATA[org.testng.TestRunner@55589ef5]]>
              </value>
            </param>
          </params>
          <reporter-output>
          </reporter-output>
        </test-method> <!-- setUpClass -->
        <test-method signature="runScenario(io.cucumber.testng.PickleWrapper, io.cucumber.testng.FeatureWrapper)[pri:0, instance:TestRunner.OdyRunner@1a677343]" started-at="2024-10-10T16:46:01Z" name="runScenario" description="Runs Cucumber Scenarios" data-provider="scenarios" finished-at="2024-10-10T16:46:18Z" duration-ms="16408" status="PASS">
          <params>
            <param index="0">
              <value>
                <![CDATA["Check the create account scenario."]]>
              </value>
            </param>
            <param index="1">
              <value>
                <![CDATA["Checking the functionality of OrangeHRM website"]]>
              </value>
            </param>
          </params>
          <reporter-output>
          </reporter-output>
        </test-method> <!-- runScenario -->
        <test-method signature="runScenario(io.cucumber.testng.PickleWrapper, io.cucumber.testng.FeatureWrapper)[pri:0, instance:TestRunner.OdyRunner@1a677343]" started-at="2024-10-10T16:46:18Z" name="runScenario" description="Runs Cucumber Scenarios" data-provider="scenarios" finished-at="2024-10-10T16:46:24Z" duration-ms="6202" status="PASS">
          <params>
            <param index="0">
              <value>
                <![CDATA["Check login is successful with valid credentials."]]>
              </value>
            </param>
            <param index="1">
              <value>
                <![CDATA["Checking the functionality of OrangeHRM website"]]>
              </value>
            </param>
          </params>
          <reporter-output>
          </reporter-output>
        </test-method> <!-- runScenario -->
        <test-method signature="runScenario(io.cucumber.testng.PickleWrapper, io.cucumber.testng.FeatureWrapper)[pri:0, instance:TestRunner.OdyRunner@1a677343]" started-at="2024-10-10T16:46:24Z" name="runScenario" description="Runs Cucumber Scenarios" data-provider="scenarios" finished-at="2024-10-10T16:46:31Z" duration-ms="7138" status="PASS">
          <params>
            <param index="0">
              <value>
                <![CDATA["Check all the elements in Homepage."]]>
              </value>
            </param>
            <param index="1">
              <value>
                <![CDATA["Checking the functionality of OrangeHRM website"]]>
              </value>
            </param>
          </params>
          <reporter-output>
          </reporter-output>
        </test-method> <!-- runScenario -->
        <test-method signature="runScenario(io.cucumber.testng.PickleWrapper, io.cucumber.testng.FeatureWrapper)[pri:0, instance:TestRunner.OdyRunner@1a677343]" started-at="2024-10-10T16:46:31Z" name="runScenario" description="Runs Cucumber Scenarios" data-provider="scenarios" finished-at="2024-10-10T16:46:37Z" duration-ms="5708" status="PASS">
          <params>
            <param index="0">
              <value>
                <![CDATA["Check the wishlist and payment scenario"]]>
              </value>
            </param>
            <param index="1">
              <value>
                <![CDATA["Checking the functionality of OrangeHRM website"]]>
              </value>
            </param>
          </params>
          <reporter-output>
          </reporter-output>
        </test-method> <!-- runScenario -->
        <test-method signature="runScenario(io.cucumber.testng.PickleWrapper, io.cucumber.testng.FeatureWrapper)[pri:0, instance:TestRunner.OdyRunner@1a677343]" started-at="2024-10-10T16:46:37Z" name="runScenario" description="Runs Cucumber Scenarios" data-provider="scenarios" finished-at="2024-10-10T16:46:47Z" duration-ms="10222" status="PASS">
          <params>
            <param index="0">
              <value>
                <![CDATA["Check the cart scenario"]]>
              </value>
            </param>
            <param index="1">
              <value>
                <![CDATA["Checking the functionality of OrangeHRM website"]]>
              </value>
            </param>
          </params>
          <reporter-output>
          </reporter-output>
        </test-method> <!-- runScenario -->
        <test-method is-config="true" signature="tearDownClass()[pri:0, instance:TestRunner.OdyRunner@1a677343]" started-at="2024-10-10T16:46:47Z" name="tearDownClass" finished-at="2024-10-10T16:46:47Z" duration-ms="25" status="PASS">
          <reporter-output>
          </reporter-output>
        </test-method> <!-- tearDownClass -->
      </class> <!-- TestRunner.OdyRunner -->
    </test> <!-- Surefire test -->
  </suite> <!-- Surefire suite -->
</testng-results>
