<?xml version="1.0" encoding="UTF-8"?>
<testsuite xmlns:xsi="http://www.w3.org/2001/XMLSchema-instance" xsi:noNamespaceSchemaLocation="https://maven.apache.org/surefire/maven-surefire-plugin/xsd/surefire-test-report.xsd" name="TestRunner.OdyRunner" time="47.103" tests="5" errors="0" skipped="0" failures="0">
  <properties>
[...]
</properties>
  <testcase name="runScenario" classname="TestRunner.OdyRunner" time="16.445"/>
  <testcase name="runScenario" classname="TestRunner.OdyRunner" time="6.201"/>
  <testcase name="runScenario" classname="TestRunner.OdyRunner" time="7.136"/>
  <testcase name="runScenario" classname="TestRunner.OdyRunner" time="5.706"/>
  <testcase name="runScenario" classname="TestRunner.OdyRunner" time="10.22"/>
</testsuite>